TN:
SF:src/app/controllers/index.ts
FNF:0
FNH:0
DA:1,1
LF:1
LH:1
BRF:0
BRH:0
end_of_record
TN:
SF:src/app/controllers/registries.controller.ts
FN:14,(anonymous_7)
FN:18,(anonymous_8)
FN:30,(anonymous_10)
FN:42,(anonymous_12)
FN:50,(anonymous_14)
FNF:5
FNH:5
FNDA:1,(anonymous_7)
FNDA:4,(anonymous_8)
FNDA:4,(anonymous_10)
FNDA:3,(anonymous_12)
FNDA:2,(anonymous_14)
DA:2,1
DA:4,1
DA:10,1
DA:15,1
DA:16,1
DA:19,4
DA:20,1
DA:22,3
DA:23,3
DA:24,1
DA:26,2
DA:31,4
DA:32,1
DA:34,3
DA:35,3
DA:36,1
DA:38,2
DA:43,3
DA:44,1
DA:46,2
DA:47,2
DA:51,2
DA:52,2
LF:23
LH:23
BRDA:19,0,0,1
BRDA:19,0,1,3
BRDA:19,1,0,1
BRDA:19,1,1,3
BRDA:19,2,0,4
BRDA:19,2,1,4
BRDA:23,3,0,1
BRDA:23,3,1,2
BRDA:31,4,0,1
BRDA:31,4,1,3
BRDA:35,5,0,1
BRDA:35,5,1,2
BRDA:43,6,0,1
BRDA:43,6,1,2
BRF:14
BRH:14
end_of_record
TN:
SF:src/app/models/index.ts
FNF:0
FNH:0
DA:1,1
LF:1
LH:1
BRF:0
BRH:0
end_of_record
TN:
SF:src/app/models/registries.models.ts
FN:26,(anonymous_8)
FN:30,(anonymous_9)
FN:35,(anonymous_11)
FN:40,(anonymous_13)
FN:45,(anonymous_15)
FNF:5
FNH:5
FNDA:3,(anonymous_8)
FNDA:1,(anonymous_9)
FNDA:1,(anonymous_11)
FNDA:1,(anonymous_13)
FNDA:1,(anonymous_15)
DA:1,1
DA:4,1
DA:24,1
DA:27,3
DA:31,1
DA:32,1
DA:36,1
DA:37,1
DA:41,1
DA:42,1
DA:46,1
DA:47,1
LF:12
LH:12
BRF:0
BRH:0
end_of_record
TN:
SF:src/app/services/index.ts
FNF:0
FNH:0
DA:1,1
LF:1
LH:1
BRF:0
BRH:0
end_of_record
TN:
SF:src/app/services/registries.services.ts
FN:5,(anonymous_7)
FN:7,(anonymous_8)
FN:12,(anonymous_10)
FN:17,(anonymous_12)
FN:22,(anonymous_14)
FNF:5
FNH:5
FNDA:2,(anonymous_7)
FNDA:1,(anonymous_8)
FNDA:1,(anonymous_10)
FNDA:1,(anonymous_12)
FNDA:1,(anonymous_14)
DA:2,1
DA:4,1
DA:5,2
DA:8,1
DA:9,1
DA:13,1
DA:14,1
DA:18,1
DA:19,1
DA:23,1
DA:24,1
LF:11
LH:11
BRDA:5,0,0,2
BRF:1
BRH:1
end_of_record
